<?xml version="1.0" encoding="UTF-8"?>
<testsuite name="AITest" tests="2" skipped="0" failures="0" errors="0" timestamp="2018-12-11T21:01:46" hostname="DESKTOP-MJVLCDE" time="0.072">
  <properties/>
  <testcase name="TestConstructor" classname="AITest" time="0.002"/>
  <testcase name="TestBehaviour" classname="AITest" time="0.07"/>
  <system-out><![CDATA[18
false
0 : 9
1 : 9
2 : 13
3 : 5
4 : 9
5 : 9
6 : 9
7 : 9
8 : 9
9 : 1
10 : 10
11 : 10
12 : 10
13 : 10
14 : 13
15 : 7
16 : 10
17 : 10
false
0 : 10
1 : 9
2 : 13
3 : 5
4 : 9
5 : 9
6 : 9
7 : 9
8 : 9
9 : 9
10 : 1
11 : 10
12 : 10
13 : 10
14 : 13
15 : 7
16 : 10
17 : 10
false
0 : 10
1 : 10
2 : 13
3 : 5
4 : 9
5 : 9
6 : 9
7 : 9
8 : 9
9 : 9
10 : 9
11 : 1
12 : 10
13 : 10
14 : 13
15 : 7
16 : 10
17 : 10
false
0 : 10
1 : 10
2 : 14
3 : 5
4 : 9
5 : 9
6 : 9
7 : 9
8 : 9
9 : 9
10 : 9
11 : 9
12 : 1
13 : 10
14 : 13
15 : 7
16 : 10
17 : 10
false
0 : 10
1 : 10
2 : 14
3 : 6
4 : 9
5 : 9
6 : 9
7 : 9
8 : 9
9 : 9
10 : 9
11 : 9
12 : 9
13 : 1
14 : 13
15 : 7
16 : 10
17 : 10
false
0 : 10
1 : 10
2 : 14
3 : 6
4 : 10
5 : 10
6 : 10
7 : 10
8 : 9
9 : 9
10 : 9
11 : 9
12 : 9
13 : 9
14 : 1
15 : 7
16 : 10
17 : 10
false
0 : 10
1 : 10
2 : 14
3 : 5
4 : 9
5 : 9
6 : 9
7 : 9
8 : 9
9 : 9
10 : 9
11 : 9
12 : 9
13 : 9
14 : 12
15 : 1
16 : 10
17 : 10
false
0 : 10
1 : 10
2 : 14
3 : 6
4 : 10
5 : 10
6 : 10
7 : 9
8 : 9
9 : 9
10 : 9
11 : 9
12 : 9
13 : 9
14 : 12
15 : 6
16 : 1
17 : 10
false
0 : 10
1 : 10
2 : 14
3 : 6
4 : 10
5 : 10
6 : 10
7 : 10
8 : 9
9 : 9
10 : 9
11 : 9
12 : 9
13 : 9
14 : 12
15 : 6
16 : 9
17 : 1
Hole:9 : 0
Hole:10 : 10
Hole:11 : 10
Hole:12 : 14
Hole:13 : 6
Hole:14 : 10
Hole:15 : 14
Hole:16 : 10
Hole:17 : 10
9
12
18
false
0 : 9
1 : 9
2 : 13
3 : 5
4 : 9
5 : 9
6 : 9
7 : 9
8 : 9
9 : 1
10 : 10
11 : 10
12 : 10
13 : 10
14 : 13
15 : 7
16 : 10
17 : 10
false
0 : 10
1 : 9
2 : 13
3 : 5
4 : 9
5 : 9
6 : 9
7 : 9
8 : 9
9 : 9
10 : 1
11 : 10
12 : 10
13 : 10
14 : 13
15 : 7
16 : 10
17 : 10
false
0 : 10
1 : 10
2 : 13
3 : 5
4 : 9
5 : 9
6 : 9
7 : 9
8 : 9
9 : 9
10 : 9
11 : 1
12 : 10
13 : 10
14 : 13
15 : 7
16 : 10
17 : 10
false
0 : 10
1 : 10
2 : 14
3 : 5
4 : 9
5 : 9
6 : 9
7 : 9
8 : 9
9 : 9
10 : 9
11 : 9
12 : 1
13 : 10
14 : 13
15 : 7
16 : 10
17 : 10
false
0 : 10
1 : 10
2 : 14
3 : 6
4 : 9
5 : 9
6 : 9
7 : 9
8 : 9
9 : 9
10 : 9
11 : 9
12 : 9
13 : 1
14 : 13
15 : 7
16 : 10
17 : 10
false
0 : 10
1 : 10
2 : 14
3 : 6
4 : 10
5 : 10
6 : 10
7 : 10
8 : 9
9 : 9
10 : 9
11 : 9
12 : 9
13 : 9
14 : 1
15 : 7
16 : 10
17 : 10
false
0 : 10
1 : 10
2 : 14
3 : 5
4 : 9
5 : 9
6 : 9
7 : 9
8 : 9
9 : 9
10 : 9
11 : 9
12 : 9
13 : 9
14 : 12
15 : 1
16 : 10
17 : 10
false
0 : 10
1 : 10
2 : 14
3 : 6
4 : 10
5 : 10
6 : 10
7 : 9
8 : 9
9 : 9
10 : 9
11 : 9
12 : 9
13 : 9
14 : 12
15 : 6
16 : 1
17 : 10
false
0 : 10
1 : 10
2 : 14
3 : 6
4 : 10
5 : 10
6 : 10
7 : 10
8 : 9
9 : 9
10 : 9
11 : 9
12 : 9
13 : 9
14 : 12
15 : 6
16 : 9
17 : 1
Hole:9 : 3
Hole:10 : 4
Hole:11 : 5
Hole:12 : 6
Hole:13 : 7
Hole:14 : 7
Hole:15 : 6
Hole:16 : 6
Hole:17 : 7
]]></system-out>
  <system-err><![CDATA[]]></system-err>
</testsuite>
